<?xml version="1.0" encoding="UTF-8"?>
<!-- Generated by org.testng.reporters.JUnitXMLReporter -->
<testsuite hostname="DESKTOP-4L4F65Q" ignored="0" name="Test" tests="3" failures="3" timestamp="2022-10-22T15:24:26 IST" time="99.973" errors="0">
  <testcase name="verify_Logo" time="0.02" classname="pom_testcases.Login_test">
    <failure type="java.lang.NullPointerException">
      <![CDATA[java.lang.NullPointerException
at pom_testcases.Login_test.verify_Logo(Login_test.java:16)
at java.util.ArrayList.forEach(ArrayList.java:1249)
... Removed 27 stack frames]]>
    </failure>
  </testcase> <!-- verify_Logo -->
  <testcase name="logintest" time="0.006" classname="pom_testcases.Login_test">
    <failure type="java.lang.NullPointerException">
      <![CDATA[java.lang.NullPointerException
at pom_testcases.Login_test.logintest(Login_test.java:23)
at java.util.ArrayList.forEach(ArrayList.java:1249)
... Removed 27 stack frames]]>
    </failure>
  </testcase> <!-- logintest -->
  <testcase name="adminTabTest" time="0.005" classname="pom_testcases.HomePage_test">
    <failure type="java.lang.NullPointerException">
      <![CDATA[java.lang.NullPointerException
at pom_testcases.HomePage_test.adminTabTest(HomePage_test.java:17)
at java.util.ArrayList.forEach(ArrayList.java:1249)
... Removed 27 stack frames]]>
    </failure>
  </testcase> <!-- adminTabTest -->
</testsuite> <!-- Test -->
